21:48:19.907  465  [main] INFO  d.m.l.p.runtime.HostApplication - 0
21:48:19.909  467  [main] INFO  d.m.l.p.runtime.HostApplication - 6.0.1
21:48:19.910  468  [main] INFO  d.m.l.p.runtime.HostApplication - org.apache.felix.framework.BundleContextImpl@5e25a92e
21:48:19.910  468  [main] INFO  d.m.l.p.runtime.HostApplication - [Lorg.osgi.framework.ServiceReference;@4de5031f
21:48:56.110  470  [main] INFO  d.m.l.p.runtime.HostApplication - 0
21:48:56.113  473  [main] INFO  d.m.l.p.runtime.HostApplication - 6.0.1
21:48:56.113  473  [main] INFO  d.m.l.p.runtime.HostApplication - org.apache.felix.framework.BundleContextImpl@5e25a92e
21:48:56.113  473  [main] INFO  d.m.l.p.runtime.HostApplication - [Lorg.osgi.framework.ServiceReference;@4de5031f
21:59:46.310  481  [main] INFO  d.m.l.p.runtime.HostApplication - 0
21:59:46.313  484  [main] INFO  d.m.l.p.runtime.HostApplication - 6.0.1
21:59:46.313  484  [main] INFO  d.m.l.p.runtime.HostApplication - org.apache.felix.framework.BundleContextImpl@5e25a92e
21:59:46.335  506  [main] INFO  d.m.l.p.runtime.HostApplication - [org.apache.aries.blueprint.NamespaceHandler]
22:00:26.786  482  [main] INFO  d.m.l.p.runtime.HostApplication - 0
22:00:26.790  486  [main] INFO  d.m.l.p.runtime.HostApplication - 6.0.1
22:00:26.813  509  [main] INFO  d.m.l.p.runtime.HostApplication - org.apache.felix.framework [0]
22:00:26.813  509  [main] INFO  d.m.l.p.runtime.HostApplication - [org.apache.aries.blueprint.NamespaceHandler]
22:02:35.985  472  [main] INFO  d.m.l.p.runtime.HostApplication - 0
22:02:35.989  476  [main] INFO  d.m.l.p.runtime.HostApplication - 6.0.1
22:02:36.009  496  [main] INFO  d.m.l.p.runtime.HostApplication - org.apache.felix.framework [0]
22:03:02.710  500  [main] INFO  d.m.l.p.runtime.HostApplication - 0
22:03:02.714  504  [main] INFO  d.m.l.p.runtime.HostApplication - 6.0.1
22:03:02.738  528  [main] INFO  d.m.l.p.runtime.HostApplication - org.apache.felix.framework [0]
22:03:02.739  529  [main] INFO  d.m.l.p.runtime.HostApplication - [org.apache.aries.blueprint.NamespaceHandler]
22:03:22.697  467  [main] INFO  d.m.l.p.runtime.HostApplication - 0
22:03:22.700  470  [main] INFO  d.m.l.p.runtime.HostApplication - 6.0.1
22:03:22.720  490  [main] INFO  d.m.l.p.runtime.HostApplication - org.apache.felix.framework [0]
22:03:22.720  490  [main] INFO  d.m.l.p.runtime.HostApplication - [org.apache.aries.blueprint.NamespaceHandler]
22:07:22.139  458  [main] INFO  d.m.l.p.runtime.HostApplication - 0
22:07:22.143  462  [main] INFO  d.m.l.p.runtime.HostApplication - 6.0.1
22:07:22.166  485  [main] INFO  d.m.l.p.runtime.HostApplication - org.apache.felix.framework [0]
22:07:22.166  485  [main] INFO  d.m.l.p.runtime.HostApplication - [org.apache.aries.blueprint.NamespaceHandler]
22:07:38.423  468  [main] INFO  d.m.l.p.runtime.HostApplication - 0
22:07:38.429  474  [main] INFO  d.m.l.p.runtime.HostApplication - 6.0.1
22:07:38.452  497  [main] INFO  d.m.l.p.runtime.HostApplication - org.apache.felix.framework [0]
22:07:38.452  497  [main] INFO  d.m.l.p.runtime.HostApplication - [org.apache.aries.blueprint.NamespaceHandler]
22:08:10.525  504  [main] INFO  d.m.l.p.runtime.HostApplication - 0
22:08:10.528  507  [main] INFO  d.m.l.p.runtime.HostApplication - 6.0.1
22:08:10.548  527  [main] INFO  d.m.l.p.runtime.HostApplication - org.apache.felix.framework [0]
22:08:10.549  528  [main] INFO  d.m.l.p.runtime.HostApplication - [org.apache.aries.blueprint.NamespaceHandler]
22:10:08.339  454  [main] INFO  d.m.l.p.runtime.HostApplication - 0
22:10:08.342  457  [main] INFO  d.m.l.p.runtime.HostApplication - 6.0.1
22:10:08.364  479  [main] INFO  d.m.l.p.runtime.HostApplication - org.apache.felix.framework [0]
22:10:08.364  479  [main] INFO  d.m.l.p.runtime.HostApplication - [org.apache.aries.blueprint.NamespaceHandler]
22:10:38.609  445  [main] INFO  d.m.l.p.runtime.HostApplication - 0
22:10:38.613  449  [main] INFO  d.m.l.p.runtime.HostApplication - 6.0.1
22:10:38.637  473  [main] INFO  d.m.l.p.runtime.HostApplication - org.apache.felix.framework [0]
22:10:38.638  474  [main] INFO  d.m.l.p.runtime.HostApplication - [org.apache.aries.blueprint.NamespaceHandler]
22:15:29.255  493  [main] INFO  d.m.l.p.runtime.HostApplication - 0
22:15:29.258  496  [main] INFO  d.m.l.p.runtime.HostApplication - 6.0.1
22:15:29.280  518  [main] INFO  d.m.l.p.runtime.HostApplication - org.apache.felix.framework [0]
22:15:29.281  519  [main] INFO  d.m.l.p.runtime.HostApplication - [org.apache.felix.shell.Command], [org.apache.felix.shell.Command, org.apache.felix.shell.CdCommand], [org.apache.felix.shell.Command], [org.apache.felix.shell.Command], [org.apache.felix.shell.Command], [org.apache.felix.shell.Command], [org.apache.felix.shell.Command], [org.apache.felix.shell.Command], [org.apache.felix.shell.Command], [org.apache.felix.shell.Command], [org.apache.felix.shell.Command], [org.apache.felix.shell.Command], [org.apache.felix.shell.Command], [org.apache.felix.shell.Command], [org.apache.felix.shell.Command], [org.apache.felix.shell.Command], [org.apache.felix.shell.Command], [org.apache.felix.shell.Command], [org.apache.felix.shell.Command], [org.apache.felix.shell.ShellService, org.ungoverned.osgi.service.shell.ShellService], [org.apache.aries.blueprint.NamespaceHandler]
22:28:03.373  463  [main] INFO  d.m.l.p.runtime.HostApplication - 0
22:28:03.376  466  [main] INFO  d.m.l.p.runtime.HostApplication - 6.0.1
22:28:03.396  486  [main] INFO  d.m.l.p.runtime.HostApplication - org.apache.felix.framework [0]
22:28:03.397  487  [main] INFO  d.m.l.p.runtime.HostApplication - [org.apache.felix.shell.Command], [org.apache.felix.shell.Command, org.apache.felix.shell.CdCommand], [org.apache.felix.shell.Command], [org.apache.felix.shell.Command], [org.apache.felix.shell.Command], [org.apache.felix.shell.Command], [org.apache.felix.shell.Command], [org.apache.felix.shell.Command], [org.apache.felix.shell.Command], [org.apache.felix.shell.Command], [org.apache.felix.shell.Command], [org.apache.felix.shell.Command], [org.apache.felix.shell.Command], [org.apache.felix.shell.Command], [org.apache.felix.shell.Command], [org.apache.felix.shell.Command], [org.apache.felix.shell.Command], [org.apache.felix.shell.Command], [org.apache.felix.shell.Command], [org.apache.felix.shell.ShellService, org.ungoverned.osgi.service.shell.ShellService], [org.apache.aries.blueprint.NamespaceHandler]
22:28:18.855  502  [main] INFO  d.m.l.p.runtime.HostApplication - 0
22:28:18.858  505  [main] INFO  d.m.l.p.runtime.HostApplication - 6.0.1
22:28:18.884  531  [main] INFO  d.m.l.p.runtime.HostApplication - org.apache.felix.framework [0]
22:28:18.884  531  [main] INFO  d.m.l.p.runtime.HostApplication - [org.apache.felix.shell.Command], [org.apache.felix.shell.Command, org.apache.felix.shell.CdCommand], [org.apache.felix.shell.Command], [org.apache.felix.shell.Command], [org.apache.felix.shell.Command], [org.apache.felix.shell.Command], [org.apache.felix.shell.Command], [org.apache.felix.shell.Command], [org.apache.felix.shell.Command], [org.apache.felix.shell.Command], [org.apache.felix.shell.Command], [org.apache.felix.shell.Command], [org.apache.felix.shell.Command], [org.apache.felix.shell.Command], [org.apache.felix.shell.Command], [org.apache.felix.shell.Command], [org.apache.felix.shell.Command], [org.apache.felix.shell.Command], [org.apache.felix.shell.Command], [org.apache.felix.shell.ShellService, org.ungoverned.osgi.service.shell.ShellService], [org.apache.aries.blueprint.NamespaceHandler]
22:29:43.843  471  [main] INFO  d.m.l.p.runtime.HostApplication - 0
22:29:43.846  474  [main] INFO  d.m.l.p.runtime.HostApplication - 6.0.1
22:29:43.868  496  [main] INFO  d.m.l.p.runtime.HostApplication - org.apache.felix.framework [0]
22:29:43.868  496  [main] INFO  d.m.l.p.runtime.HostApplication - [org.apache.felix.shell.Command], [org.apache.felix.shell.Command, org.apache.felix.shell.CdCommand], [org.apache.felix.shell.Command], [org.apache.felix.shell.Command], [org.apache.felix.shell.Command], [org.apache.felix.shell.Command], [org.apache.felix.shell.Command], [org.apache.felix.shell.Command], [org.apache.felix.shell.Command], [org.apache.felix.shell.Command], [org.apache.felix.shell.Command], [org.apache.felix.shell.Command], [org.apache.felix.shell.Command], [org.apache.felix.shell.Command], [org.apache.felix.shell.Command], [org.apache.felix.shell.Command], [org.apache.felix.shell.Command], [org.apache.felix.shell.Command], [org.apache.felix.shell.Command], [org.apache.felix.shell.ShellService, org.ungoverned.osgi.service.shell.ShellService], [org.apache.aries.blueprint.NamespaceHandler]
22:29:47.055  484  [main] INFO  d.m.l.p.runtime.HostApplication - 0
22:29:47.058  487  [main] INFO  d.m.l.p.runtime.HostApplication - 6.0.1
22:29:47.077  506  [main] INFO  d.m.l.p.runtime.HostApplication - org.apache.felix.framework [0]
22:29:47.078  507  [main] INFO  d.m.l.p.runtime.HostApplication - [org.apache.felix.shell.Command], [org.apache.felix.shell.Command, org.apache.felix.shell.CdCommand], [org.apache.felix.shell.Command], [org.apache.felix.shell.Command], [org.apache.felix.shell.Command], [org.apache.felix.shell.Command], [org.apache.felix.shell.Command], [org.apache.felix.shell.Command], [org.apache.felix.shell.Command], [org.apache.felix.shell.Command], [org.apache.felix.shell.Command], [org.apache.felix.shell.Command], [org.apache.felix.shell.Command], [org.apache.felix.shell.Command], [org.apache.felix.shell.Command], [org.apache.felix.shell.Command], [org.apache.felix.shell.Command], [org.apache.felix.shell.Command], [org.apache.felix.shell.Command], [org.apache.felix.shell.ShellService, org.ungoverned.osgi.service.shell.ShellService], [org.apache.aries.blueprint.NamespaceHandler]
22:31:27.712  473  [main] INFO  d.m.l.p.runtime.HostApplication - 0
22:31:27.716  477  [main] INFO  d.m.l.p.runtime.HostApplication - 6.0.1
22:31:27.737  498  [main] INFO  d.m.l.p.runtime.HostApplication - org.apache.felix.framework [0]
22:31:27.738  499  [main] INFO  d.m.l.p.runtime.HostApplication - 
, 
, 
, 
, 
, 
, 
, 
, 
, 
, 
, 
, 
, 
, 
, 
, 
, 
, 
, 
, 

22:32:05.767  470  [main] INFO  d.m.l.p.runtime.HostApplication - 0
22:32:05.770  473  [main] INFO  d.m.l.p.runtime.HostApplication - 6.0.1
22:32:05.791  494  [main] INFO  d.m.l.p.runtime.HostApplication - org.apache.felix.framework [0]
22:32:05.792  495  [main] INFO  d.m.l.p.runtime.HostApplication - [org.apache.felix.shell.Command]
[org.apache.felix.shell.Command, org.apache.felix.shell.CdCommand]
[org.apache.felix.shell.Command]
[org.apache.felix.shell.Command]
[org.apache.felix.shell.Command]
[org.apache.felix.shell.Command]
[org.apache.felix.shell.Command]
[org.apache.felix.shell.Command]
[org.apache.felix.shell.Command]
[org.apache.felix.shell.Command]
[org.apache.felix.shell.Command]
[org.apache.felix.shell.Command]
[org.apache.felix.shell.Command]
[org.apache.felix.shell.Command]
[org.apache.felix.shell.Command]
[org.apache.felix.shell.Command]
[org.apache.felix.shell.Command]
[org.apache.felix.shell.Command]
[org.apache.felix.shell.Command]
[org.apache.felix.shell.ShellService, org.ungoverned.osgi.service.shell.ShellService]
[org.apache.aries.blueprint.NamespaceHandler]
23:11:22.462  508  [main] INFO  d.m.l.p.runtime.HostApplication - 0
23:11:22.465  511  [main] INFO  d.m.l.p.runtime.HostApplication - 6.0.1
23:11:22.485  531  [main] INFO  d.m.l.p.runtime.HostApplication - org.apache.felix.framework [0]
23:11:22.486  532  [main] INFO  d.m.l.p.runtime.HostApplication - [org.apache.felix.shell.Command]
[org.apache.felix.shell.Command, org.apache.felix.shell.CdCommand]
[org.apache.felix.shell.Command]
[org.apache.felix.shell.Command]
[org.apache.felix.shell.Command]
[org.apache.felix.shell.Command]
[org.apache.felix.shell.Command]
[org.apache.felix.shell.Command]
[org.apache.felix.shell.Command]
[org.apache.felix.shell.Command]
[org.apache.felix.shell.Command]
[org.apache.felix.shell.Command]
[org.apache.felix.shell.Command]
[org.apache.felix.shell.Command]
[org.apache.felix.shell.Command]
[org.apache.felix.shell.Command]
[org.apache.felix.shell.Command]
[org.apache.felix.shell.Command]
[org.apache.felix.shell.Command]
[org.apache.felix.shell.ShellService, org.ungoverned.osgi.service.shell.ShellService]
[org.apache.aries.blueprint.NamespaceHandler]
23:11:56.000  606  [main] INFO  d.m.l.p.runtime.HostApplication - 0
23:11:56.008  614  [main] INFO  d.m.l.p.runtime.HostApplication - 6.0.1
23:11:56.039  645  [main] INFO  d.m.l.p.runtime.HostApplication - org.apache.felix.framework [0]
23:11:56.039  645  [main] INFO  d.m.l.p.runtime.HostApplication - [org.apache.felix.shell.Command]
[org.apache.felix.shell.Command, org.apache.felix.shell.CdCommand]
[org.apache.felix.shell.Command]
[org.apache.felix.shell.Command]
[org.apache.felix.shell.Command]
[org.apache.felix.shell.Command]
[org.apache.felix.shell.Command]
[org.apache.felix.shell.Command]
[org.apache.felix.shell.Command]
[org.apache.felix.shell.Command]
[org.apache.felix.shell.Command]
[org.apache.felix.shell.Command]
[org.apache.felix.shell.Command]
[org.apache.felix.shell.Command]
[org.apache.felix.shell.Command]
[org.apache.felix.shell.Command]
[org.apache.felix.shell.Command]
[org.apache.felix.shell.Command]
[org.apache.felix.shell.Command]
[org.apache.felix.shell.ShellService, org.ungoverned.osgi.service.shell.ShellService]
[org.apache.aries.blueprint.NamespaceHandler]
23:12:46.701  12249 [main] INFO  d.m.l.p.runtime.HostApplication - 0
23:12:46.709  12257 [main] INFO  d.m.l.p.runtime.HostApplication - 6.0.1
23:12:46.732  12280 [main] INFO  d.m.l.p.runtime.HostApplication - org.apache.felix.framework [0]
23:12:46.732  12280 [main] INFO  d.m.l.p.runtime.HostApplication - [org.apache.felix.shell.Command]
[org.apache.felix.shell.Command, org.apache.felix.shell.CdCommand]
[org.apache.felix.shell.Command]
[org.apache.felix.shell.Command]
[org.apache.felix.shell.Command]
[org.apache.felix.shell.Command]
[org.apache.felix.shell.Command]
[org.apache.felix.shell.Command]
[org.apache.felix.shell.Command]
[org.apache.felix.shell.Command]
[org.apache.felix.shell.Command]
[org.apache.felix.shell.Command]
[org.apache.felix.shell.Command]
[org.apache.felix.shell.Command]
[org.apache.felix.shell.Command]
[org.apache.felix.shell.Command]
[org.apache.felix.shell.Command]
[org.apache.felix.shell.Command]
[org.apache.felix.shell.Command]
[org.apache.felix.shell.ShellService, org.ungoverned.osgi.service.shell.ShellService]
[org.apache.aries.blueprint.NamespaceHandler]
23:18:43.517  4878 [main] INFO  d.m.l.p.runtime.HostApplication - 0
23:18:43.523  4884 [main] INFO  d.m.l.p.runtime.HostApplication - 6.0.1
23:18:43.553  4914 [main] INFO  d.m.l.p.runtime.HostApplication - org.apache.felix.framework [0]
23:18:43.553  4914 [main] INFO  d.m.l.p.runtime.HostApplication - [org.apache.felix.shell.Command]
[org.apache.felix.shell.Command, org.apache.felix.shell.CdCommand]
[org.apache.felix.shell.Command]
[org.apache.felix.shell.Command]
[org.apache.felix.shell.Command]
[org.apache.felix.shell.Command]
[org.apache.felix.shell.Command]
[org.apache.felix.shell.Command]
[org.apache.felix.shell.Command]
[org.apache.felix.shell.Command]
[org.apache.felix.shell.Command]
[org.apache.felix.shell.Command]
[org.apache.felix.shell.Command]
[org.apache.felix.shell.Command]
[org.apache.felix.shell.Command]
[org.apache.felix.shell.Command]
[org.apache.felix.shell.Command]
[org.apache.felix.shell.Command]
[org.apache.felix.shell.Command]
[org.apache.felix.shell.ShellService, org.ungoverned.osgi.service.shell.ShellService]
[org.osgi.service.log.LogService]
23:19:50.153  410  [main] INFO  d.m.l.p.runtime.HostApplication - 0
23:19:50.156  413  [main] INFO  d.m.l.p.runtime.HostApplication - 6.0.1
23:19:50.178  435  [main] INFO  d.m.l.p.runtime.HostApplication - org.apache.felix.framework [0]
23:19:50.178  435  [main] INFO  d.m.l.p.runtime.HostApplication - [org.apache.felix.shell.Command]
[org.apache.felix.shell.Command, org.apache.felix.shell.CdCommand]
[org.apache.felix.shell.Command]
[org.apache.felix.shell.Command]
[org.apache.felix.shell.Command]
[org.apache.felix.shell.Command]
[org.apache.felix.shell.Command]
[org.apache.felix.shell.Command]
[org.apache.felix.shell.Command]
[org.apache.felix.shell.Command]
[org.apache.felix.shell.Command]
[org.apache.felix.shell.Command]
[org.apache.felix.shell.Command]
[org.apache.felix.shell.Command]
[org.apache.felix.shell.Command]
[org.apache.felix.shell.Command]
[org.apache.felix.shell.Command]
[org.apache.felix.shell.Command]
[org.apache.felix.shell.Command]
[org.apache.felix.shell.ShellService, org.ungoverned.osgi.service.shell.ShellService]
[org.osgi.service.log.LogService]
23:21:57.651  416  [main] INFO  d.m.l.p.runtime.HostApplication - 0
23:21:57.654  419  [main] INFO  d.m.l.p.runtime.HostApplication - 6.0.1
23:21:57.675  440  [main] INFO  d.m.l.p.runtime.HostApplication - org.apache.felix.framework [0]
23:21:57.675  440  [main] INFO  d.m.l.p.runtime.HostApplication - [org.apache.felix.shell.Command]
[org.apache.felix.shell.Command, org.apache.felix.shell.CdCommand]
[org.apache.felix.shell.Command]
[org.apache.felix.shell.Command]
[org.apache.felix.shell.Command]
[org.apache.felix.shell.Command]
[org.apache.felix.shell.Command]
[org.apache.felix.shell.Command]
[org.apache.felix.shell.Command]
[org.apache.felix.shell.Command]
[org.apache.felix.shell.Command]
[org.apache.felix.shell.Command]
[org.apache.felix.shell.Command]
[org.apache.felix.shell.Command]
[org.apache.felix.shell.Command]
[org.apache.felix.shell.Command]
[org.apache.felix.shell.Command]
[org.apache.felix.shell.Command]
[org.apache.felix.shell.Command]
[org.apache.felix.shell.ShellService, org.ungoverned.osgi.service.shell.ShellService]
[org.osgi.service.log.LogService]
23:23:32.753  407  [main] INFO  d.m.l.p.runtime.HostApplication - 0
23:23:32.756  410  [main] INFO  d.m.l.p.runtime.HostApplication - 6.0.1
23:23:32.778  432  [main] INFO  d.m.l.p.runtime.HostApplication - org.apache.felix.framework [0]
23:23:32.779  433  [main] INFO  d.m.l.p.runtime.HostApplication - [org.apache.felix.shell.Command]
[org.apache.felix.shell.Command, org.apache.felix.shell.CdCommand]
[org.apache.felix.shell.Command]
[org.apache.felix.shell.Command]
[org.apache.felix.shell.Command]
[org.apache.felix.shell.Command]
[org.apache.felix.shell.Command]
[org.apache.felix.shell.Command]
[org.apache.felix.shell.Command]
[org.apache.felix.shell.Command]
[org.apache.felix.shell.Command]
[org.apache.felix.shell.Command]
[org.apache.felix.shell.Command]
[org.apache.felix.shell.Command]
[org.apache.felix.shell.Command]
[org.apache.felix.shell.Command]
[org.apache.felix.shell.Command]
[org.apache.felix.shell.Command]
[org.apache.felix.shell.Command]
[org.apache.felix.shell.ShellService, org.ungoverned.osgi.service.shell.ShellService]
[org.osgi.service.log.LogService]
23:25:13.827  12090 [main] INFO  d.m.l.p.runtime.HostApplication - 0
23:25:13.835  12098 [main] INFO  d.m.l.p.runtime.HostApplication - 6.0.1
23:25:13.858  12121 [main] INFO  d.m.l.p.runtime.HostApplication - org.apache.felix.framework [0]
23:25:13.859  12122 [main] INFO  d.m.l.p.runtime.HostApplication - [org.apache.felix.shell.Command]
[org.apache.felix.shell.Command, org.apache.felix.shell.CdCommand]
[org.apache.felix.shell.Command]
[org.apache.felix.shell.Command]
[org.apache.felix.shell.Command]
[org.apache.felix.shell.Command]
[org.apache.felix.shell.Command]
[org.apache.felix.shell.Command]
[org.apache.felix.shell.Command]
[org.apache.felix.shell.Command]
[org.apache.felix.shell.Command]
[org.apache.felix.shell.Command]
[org.apache.felix.shell.Command]
[org.apache.felix.shell.Command]
[org.apache.felix.shell.Command]
[org.apache.felix.shell.Command]
[org.apache.felix.shell.Command]
[org.apache.felix.shell.Command]
[org.apache.felix.shell.Command]
[org.apache.felix.shell.ShellService, org.ungoverned.osgi.service.shell.ShellService]
[org.osgi.service.log.LogService]
23:26:40.846  4574 [main] INFO  org.eclipse.jetty.util.log - Logging initialized @4737ms to org.eclipse.jetty.util.log.Slf4jLog
23:26:40.966  4694 [main] INFO  org.eclipse.jetty.server.Server - jetty-9.4.11.v20180605; built: 2018-06-05T18:24:03.829Z; git: d5fc0523cfa96bfebfbda19606cad384d772f04c; jvm 1.8.0_181-8u181-b13-0ubuntu0.18.04.1-b13
23:26:41.024  4752 [main] INFO  org.eclipse.jetty.server.session - DefaultSessionIdManager workerName=node0
23:26:41.025  4753 [main] INFO  org.eclipse.jetty.server.session - No SessionScavenger set, using defaults
23:26:41.027  4755 [main] INFO  org.eclipse.jetty.server.session - node0 Scavenging every 600000ms
23:26:41.051  4779 [main] INFO  o.e.j.server.handler.ContextHandler - Started o.e.j.s.ServletContextHandler@409c54f{/,null,AVAILABLE}
23:26:41.052  4780 [main] INFO  org.eclipse.jetty.server.Server - Started @4946ms
23:26:41.052  4780 [main] INFO  org.eclipse.jetty.server.session - node0 Scavenging every 660000ms
23:26:41.078  4806 [main] INFO  o.e.jetty.server.AbstractConnector - Started ServerConnector@41709512{HTTP/1.1,[http/1.1]}{0.0.0.0:8080}
23:26:41.081  4809 [main] INFO  org.apache.felix.framework.6.0.1 - Started Jetty 9.4.11.v20180605 at port(s) HTTP:8080 on context path / [minThreads=8,maxThreads=200,acceptors=2,selectors=8]
23:26:41.105  4833 [main] INFO  org.apache.felix.framework.6.0.1 - Apachde Felix Http Whiteboard Service started
23:26:48.011  11739 [main] INFO  d.m.l.p.runtime.HostApplication - 0
23:26:48.011  11739 [main] INFO  d.m.l.p.runtime.HostApplication - 6.0.1
23:26:48.036  11764 [main] INFO  d.m.l.p.runtime.HostApplication - org.apache.felix.framework [0]
23:26:48.036  11764 [main] INFO  d.m.l.p.runtime.HostApplication - [org.apache.felix.shell.Command]
[org.apache.felix.shell.Command, org.apache.felix.shell.CdCommand]
[org.apache.felix.shell.Command]
[org.apache.felix.shell.Command]
[org.apache.felix.shell.Command]
[org.apache.felix.shell.Command]
[org.apache.felix.shell.Command]
[org.apache.felix.shell.Command]
[org.apache.felix.shell.Command]
[org.apache.felix.shell.Command]
[org.apache.felix.shell.Command]
[org.apache.felix.shell.Command]
[org.apache.felix.shell.Command]
[org.apache.felix.shell.Command]
[org.apache.felix.shell.Command]
[org.apache.felix.shell.Command]
[org.apache.felix.shell.Command]
[org.apache.felix.shell.Command]
[org.apache.felix.shell.Command]
[org.apache.felix.shell.ShellService, org.ungoverned.osgi.service.shell.ShellService]
[org.osgi.service.log.LogService]
[org.osgi.service.http.context.ServletContextHelper]
[org.osgi.service.packageadmin.PackageAdmin]
[org.apache.felix.webconsole.bundleinfo.BundleInfoProvider]
[org.osgi.service.http.HttpService]
23:27:46.468  70196 [FelixShutdown] INFO  o.e.jetty.server.AbstractConnector - Stopped ServerConnector@41709512{HTTP/1.1,[http/1.1]}{0.0.0.0:8080}
23:27:46.469  70197 [FelixShutdown] INFO  org.eclipse.jetty.server.session - node0 Stopped scavenging
23:27:46.471  70199 [FelixShutdown] INFO  o.e.j.server.handler.ContextHandler - Stopped o.e.j.s.ServletContextHandler@409c54f{/,null,UNAVAILABLE}
23:27:46.473  70201 [FelixShutdown] INFO  org.apache.felix.framework.6.0.1 - Stopped Jetty.
23:27:52.656  4095 [main] INFO  org.eclipse.jetty.util.log - Logging initialized @4269ms to org.eclipse.jetty.util.log.Slf4jLog
23:27:52.761  4200 [main] INFO  org.eclipse.jetty.server.Server - jetty-9.4.11.v20180605; built: 2018-06-05T18:24:03.829Z; git: d5fc0523cfa96bfebfbda19606cad384d772f04c; jvm 1.8.0_181-8u181-b13-0ubuntu0.18.04.1-b13
23:27:52.813  4252 [main] INFO  org.eclipse.jetty.server.session - DefaultSessionIdManager workerName=node0
23:27:52.813  4252 [main] INFO  org.eclipse.jetty.server.session - No SessionScavenger set, using defaults
23:27:52.816  4255 [main] INFO  org.eclipse.jetty.server.session - node0 Scavenging every 660000ms
23:27:52.841  4280 [main] INFO  o.e.j.server.handler.ContextHandler - Started o.e.j.s.ServletContextHandler@409c54f{/,null,AVAILABLE}
23:27:52.842  4281 [main] INFO  org.eclipse.jetty.server.Server - Started @4456ms
23:27:52.842  4281 [main] INFO  org.eclipse.jetty.server.session - node0 Scavenging every 660000ms
23:27:52.869  4308 [main] INFO  o.e.jetty.server.AbstractConnector - Started ServerConnector@41709512{HTTP/1.1,[http/1.1]}{0.0.0.0:8080}
23:27:52.870  4309 [main] INFO  org.apache.felix.framework.6.0.1 - Started Jetty 9.4.11.v20180605 at port(s) HTTP:8080 on context path / [minThreads=8,maxThreads=200,acceptors=2,selectors=8]
23:27:52.893  4332 [main] INFO  org.apache.felix.framework.6.0.1 - Apachde Felix Http Whiteboard Service started
23:27:58.019  9458 [main] INFO  d.m.l.p.runtime.HostApplication - 0
23:27:58.019  9458 [main] INFO  d.m.l.p.runtime.HostApplication - 6.0.1
23:27:58.040  9479 [main] INFO  d.m.l.p.runtime.HostApplication - org.apache.felix.framework [0]
23:31:22.630  214069 [qtp1046665075-31] ERROR org.apache.felix.framework.6.0.1 - Exception while processing request to /system/console/bundles/0.json
java.util.MissingResourceException: Can't find resource for bundle org.apache.felix.webconsole.internal.i18n.ConsolePropertyResourceBundle, key services.info.descr
	at java.util.ResourceBundle.getObject(ResourceBundle.java:450)
	at java.util.ResourceBundle.getObject(ResourceBundle.java:444)
	at java.util.ResourceBundle.getString(ResourceBundle.java:407)
	at org.apache.felix.webconsole.internal.core.ServicesUsedInfoProvider.toInfo(ServicesUsedInfoProvider.java:81)
	at org.apache.felix.webconsole.internal.core.ServicesUsedInfoProvider.getBundleInfo(ServicesUsedInfoProvider.java:71)
	at org.apache.felix.webconsole.internal.core.BundlesServlet.bundleInfoDetails(BundlesServlet.java:828)
	at org.apache.felix.webconsole.internal.core.BundlesServlet.bundleDetails(BundlesServlet.java:813)
	at org.apache.felix.webconsole.internal.core.BundlesServlet.bundleInfo(BundlesServlet.java:706)
	at org.apache.felix.webconsole.internal.core.BundlesServlet.createObjectStructure(BundlesServlet.java:610)
	at org.apache.felix.webconsole.internal.core.BundlesServlet.writeJSON(BundlesServlet.java:553)
	at org.apache.felix.webconsole.internal.core.BundlesServlet.renderJSON(BundlesServlet.java:546)
	at org.apache.felix.webconsole.internal.core.BundlesServlet.doGet(BundlesServlet.java:299)
	at javax.servlet.http.HttpServlet.service(HttpServlet.java:618)
	at javax.servlet.http.HttpServlet.service(HttpServlet.java:725)
	at org.apache.felix.webconsole.internal.servlet.OsgiManager.service(OsgiManager.java:563)
	at org.apache.felix.webconsole.internal.servlet.OsgiManager$3.run(OsgiManager.java:465)
	at java.security.AccessController.doPrivileged(Native Method)
	at org.apache.felix.webconsole.internal.servlet.OsgiManager.service(OsgiManager.java:461)
	at org.apache.felix.http.base.internal.handler.ServletHandler.handle(ServletHandler.java:120)
	at org.apache.felix.http.base.internal.dispatch.InvocationChain.doFilter(InvocationChain.java:86)
	at org.apache.felix.http.base.internal.dispatch.Dispatcher$1.doFilter(Dispatcher.java:146)
	at org.apache.felix.http.base.internal.whiteboard.WhiteboardManager.invokePreprocessors(WhiteboardManager.java:1000)
	at org.apache.felix.http.base.internal.dispatch.Dispatcher.dispatch(Dispatcher.java:91)
	at org.apache.felix.http.base.internal.dispatch.DispatcherServlet.service(DispatcherServlet.java:49)
	at javax.servlet.http.HttpServlet.service(HttpServlet.java:725)
	at org.eclipse.jetty.servlet.ServletHolder.handle(ServletHolder.java:865)
	at org.eclipse.jetty.servlet.ServletHandler.doHandle(ServletHandler.java:535)
	at org.eclipse.jetty.server.handler.ScopedHandler.nextHandle(ScopedHandler.java:255)
	at org.eclipse.jetty.server.session.SessionHandler.doHandle(SessionHandler.java:1595)
	at org.eclipse.jetty.server.handler.ScopedHandler.nextHandle(ScopedHandler.java:255)
	at org.eclipse.jetty.server.handler.ContextHandler.doHandle(ContextHandler.java:1317)
	at org.eclipse.jetty.server.handler.ScopedHandler.nextScope(ScopedHandler.java:203)
	at org.eclipse.jetty.servlet.ServletHandler.doScope(ServletHandler.java:473)
	at org.eclipse.jetty.server.session.SessionHandler.doScope(SessionHandler.java:1564)
	at org.eclipse.jetty.server.handler.ScopedHandler.nextScope(ScopedHandler.java:201)
	at org.eclipse.jetty.server.handler.ContextHandler.doScope(ContextHandler.java:1219)
	at org.eclipse.jetty.server.handler.ScopedHandler.handle(ScopedHandler.java:144)
	at org.eclipse.jetty.server.handler.ContextHandlerCollection.handle(ContextHandlerCollection.java:219)
	at org.eclipse.jetty.server.handler.HandlerWrapper.handle(HandlerWrapper.java:132)
	at org.eclipse.jetty.server.Server.handle(Server.java:531)
	at org.eclipse.jetty.server.HttpChannel.handle(HttpChannel.java:352)
	at org.eclipse.jetty.server.HttpConnection.onFillable(HttpConnection.java:260)
	at org.eclipse.jetty.io.AbstractConnection$ReadCallback.succeeded(AbstractConnection.java:281)
	at org.eclipse.jetty.io.FillInterest.fillable(FillInterest.java:102)
	at org.eclipse.jetty.io.ChannelEndPoint$2.run(ChannelEndPoint.java:118)
	at org.eclipse.jetty.util.thread.strategy.EatWhatYouKill.runTask(EatWhatYouKill.java:333)
	at org.eclipse.jetty.util.thread.strategy.EatWhatYouKill.doProduce(EatWhatYouKill.java:310)
	at org.eclipse.jetty.util.thread.strategy.EatWhatYouKill.tryProduce(EatWhatYouKill.java:168)
	at org.eclipse.jetty.util.thread.strategy.EatWhatYouKill.run(EatWhatYouKill.java:126)
	at org.eclipse.jetty.util.thread.ReservedThreadExecutor$ReservedThread.run(ReservedThreadExecutor.java:366)
	at org.eclipse.jetty.util.thread.QueuedThreadPool.runJob(QueuedThreadPool.java:762)
	at org.eclipse.jetty.util.thread.QueuedThreadPool$2.run(QueuedThreadPool.java:680)
	at java.lang.Thread.run(Thread.java:748)
23:35:28.516  459955 [qtp1046665075-48] ERROR org.apache.felix.framework.6.0.1 - Exception while processing request to /system/console/res/lib/autosize.min.js
org.eclipse.jetty.io.EofException: null
	at org.eclipse.jetty.io.ChannelEndPoint.flush(ChannelEndPoint.java:286)
	at org.eclipse.jetty.io.WriteFlusher.flush(WriteFlusher.java:429)
	at org.eclipse.jetty.io.WriteFlusher.write(WriteFlusher.java:323)
	at org.eclipse.jetty.io.AbstractEndPoint.write(AbstractEndPoint.java:380)
	at org.eclipse.jetty.server.HttpConnection$SendCallback.process(HttpConnection.java:810)
	at org.eclipse.jetty.util.IteratingCallback.processing(IteratingCallback.java:241)
	at org.eclipse.jetty.util.IteratingCallback.iterate(IteratingCallback.java:224)
	at org.eclipse.jetty.server.HttpConnection.send(HttpConnection.java:538)
	at org.eclipse.jetty.server.HttpChannel.sendResponse(HttpChannel.java:795)
	at org.eclipse.jetty.server.HttpChannel.write(HttpChannel.java:846)
	at org.eclipse.jetty.server.HttpOutput.write(HttpOutput.java:240)
	at org.eclipse.jetty.server.HttpOutput.write(HttpOutput.java:216)
	at org.eclipse.jetty.server.HttpOutput.write(HttpOutput.java:541)
	at org.apache.felix.http.base.internal.service.ResourceServlet.copyResource(ResourceServlet.java:154)
	at org.apache.felix.http.base.internal.service.ResourceServlet.handle(ResourceServlet.java:87)
	at org.apache.felix.http.base.internal.service.ResourceServlet.doGet(ResourceServlet.java:61)
	at javax.servlet.http.HttpServlet.service(HttpServlet.java:618)
	at javax.servlet.http.HttpServlet.service(HttpServlet.java:725)
	at org.apache.felix.http.base.internal.handler.ServletHandler.handle(ServletHandler.java:120)
	at org.apache.felix.http.base.internal.dispatch.InvocationChain.doFilter(InvocationChain.java:86)
	at org.apache.felix.http.base.internal.dispatch.Dispatcher$1.doFilter(Dispatcher.java:146)
	at org.apache.felix.http.base.internal.whiteboard.WhiteboardManager.invokePreprocessors(WhiteboardManager.java:1000)
	at org.apache.felix.http.base.internal.dispatch.Dispatcher.dispatch(Dispatcher.java:91)
	at org.apache.felix.http.base.internal.dispatch.DispatcherServlet.service(DispatcherServlet.java:49)
	at javax.servlet.http.HttpServlet.service(HttpServlet.java:725)
	at org.eclipse.jetty.servlet.ServletHolder.handle(ServletHolder.java:865)
	at org.eclipse.jetty.servlet.ServletHandler.doHandle(ServletHandler.java:535)
	at org.eclipse.jetty.server.handler.ScopedHandler.nextHandle(ScopedHandler.java:255)
	at org.eclipse.jetty.server.session.SessionHandler.doHandle(SessionHandler.java:1595)
	at org.eclipse.jetty.server.handler.ScopedHandler.nextHandle(ScopedHandler.java:255)
	at org.eclipse.jetty.server.handler.ContextHandler.doHandle(ContextHandler.java:1317)
	at org.eclipse.jetty.server.handler.ScopedHandler.nextScope(ScopedHandler.java:203)
	at org.eclipse.jetty.servlet.ServletHandler.doScope(ServletHandler.java:473)
	at org.eclipse.jetty.server.session.SessionHandler.doScope(SessionHandler.java:1564)
	at org.eclipse.jetty.server.handler.ScopedHandler.nextScope(ScopedHandler.java:201)
	at org.eclipse.jetty.server.handler.ContextHandler.doScope(ContextHandler.java:1219)
	at org.eclipse.jetty.server.handler.ScopedHandler.handle(ScopedHandler.java:144)
	at org.eclipse.jetty.server.handler.ContextHandlerCollection.handle(ContextHandlerCollection.java:219)
	at org.eclipse.jetty.server.handler.HandlerWrapper.handle(HandlerWrapper.java:132)
	at org.eclipse.jetty.server.Server.handle(Server.java:531)
	at org.eclipse.jetty.server.HttpChannel.handle(HttpChannel.java:352)
	at org.eclipse.jetty.server.HttpConnection.onFillable(HttpConnection.java:260)
	at org.eclipse.jetty.io.AbstractConnection$ReadCallback.succeeded(AbstractConnection.java:281)
	at org.eclipse.jetty.io.FillInterest.fillable(FillInterest.java:102)
	at org.eclipse.jetty.io.ChannelEndPoint$2.run(ChannelEndPoint.java:118)
	at org.eclipse.jetty.util.thread.strategy.EatWhatYouKill.runTask(EatWhatYouKill.java:333)
	at org.eclipse.jetty.util.thread.strategy.EatWhatYouKill.doProduce(EatWhatYouKill.java:310)
	at org.eclipse.jetty.util.thread.strategy.EatWhatYouKill.tryProduce(EatWhatYouKill.java:168)
	at org.eclipse.jetty.util.thread.strategy.EatWhatYouKill.run(EatWhatYouKill.java:126)
	at org.eclipse.jetty.util.thread.ReservedThreadExecutor$ReservedThread.run(ReservedThreadExecutor.java:366)
	at org.eclipse.jetty.util.thread.QueuedThreadPool.runJob(QueuedThreadPool.java:762)
	at org.eclipse.jetty.util.thread.QueuedThreadPool$2.run(QueuedThreadPool.java:680)
	at java.lang.Thread.run(Thread.java:748)
Caused by: java.io.IOException: Datenübergabe unterbrochen (broken pipe)
	at sun.nio.ch.FileDispatcherImpl.write0(Native Method)
	at sun.nio.ch.SocketDispatcher.write(SocketDispatcher.java:47)
	at sun.nio.ch.IOUtil.writeFromNativeBuffer(IOUtil.java:93)
	at sun.nio.ch.IOUtil.write(IOUtil.java:65)
	at sun.nio.ch.SocketChannelImpl.write(SocketChannelImpl.java:471)
	at org.eclipse.jetty.io.ChannelEndPoint.flush(ChannelEndPoint.java:264)
	... 52 common frames omitted
23:35:28.517  459956 [qtp1046665075-48] WARN  o.eclipse.jetty.server.HttpChannel - /system/console/res/lib/autosize.min.js
java.lang.IllegalStateException: Committed
	at org.eclipse.jetty.server.HttpChannel.resetBuffer(HttpChannel.java:853)
	at org.eclipse.jetty.server.HttpOutput.resetBuffer(HttpOutput.java:960)
	at org.eclipse.jetty.server.Response.resetBuffer(Response.java:1312)
	at javax.servlet.ServletResponseWrapper.resetBuffer(ServletResponseWrapper.java:195)
	at org.apache.felix.http.base.internal.dispatch.ServletResponseWrapper.sendError(ServletResponseWrapper.java:67)
	at org.apache.felix.http.base.internal.dispatch.ServletResponseWrapper.sendError(ServletResponseWrapper.java:61)
	at org.apache.felix.http.base.internal.dispatch.Dispatcher$1.doFilter(Dispatcher.java:155)
	at org.apache.felix.http.base.internal.whiteboard.WhiteboardManager.invokePreprocessors(WhiteboardManager.java:1000)
	at org.apache.felix.http.base.internal.dispatch.Dispatcher.dispatch(Dispatcher.java:91)
	at org.apache.felix.http.base.internal.dispatch.DispatcherServlet.service(DispatcherServlet.java:49)
	at javax.servlet.http.HttpServlet.service(HttpServlet.java:725)
	at org.eclipse.jetty.servlet.ServletHolder.handle(ServletHolder.java:865)
	at org.eclipse.jetty.servlet.ServletHandler.doHandle(ServletHandler.java:535)
	at org.eclipse.jetty.server.handler.ScopedHandler.nextHandle(ScopedHandler.java:255)
	at org.eclipse.jetty.server.session.SessionHandler.doHandle(SessionHandler.java:1595)
	at org.eclipse.jetty.server.handler.ScopedHandler.nextHandle(ScopedHandler.java:255)
	at org.eclipse.jetty.server.handler.ContextHandler.doHandle(ContextHandler.java:1317)
	at org.eclipse.jetty.server.handler.ScopedHandler.nextScope(ScopedHandler.java:203)
	at org.eclipse.jetty.servlet.ServletHandler.doScope(ServletHandler.java:473)
	at org.eclipse.jetty.server.session.SessionHandler.doScope(SessionHandler.java:1564)
	at org.eclipse.jetty.server.handler.ScopedHandler.nextScope(ScopedHandler.java:201)
	at org.eclipse.jetty.server.handler.ContextHandler.doScope(ContextHandler.java:1219)
	at org.eclipse.jetty.server.handler.ScopedHandler.handle(ScopedHandler.java:144)
	at org.eclipse.jetty.server.handler.ContextHandlerCollection.handle(ContextHandlerCollection.java:219)
	at org.eclipse.jetty.server.handler.HandlerWrapper.handle(HandlerWrapper.java:132)
	at org.eclipse.jetty.server.Server.handle(Server.java:531)
	at org.eclipse.jetty.server.HttpChannel.handle(HttpChannel.java:352)
	at org.eclipse.jetty.server.HttpConnection.onFillable(HttpConnection.java:260)
	at org.eclipse.jetty.io.AbstractConnection$ReadCallback.succeeded(AbstractConnection.java:281)
	at org.eclipse.jetty.io.FillInterest.fillable(FillInterest.java:102)
	at org.eclipse.jetty.io.ChannelEndPoint$2.run(ChannelEndPoint.java:118)
	at org.eclipse.jetty.util.thread.strategy.EatWhatYouKill.runTask(EatWhatYouKill.java:333)
	at org.eclipse.jetty.util.thread.strategy.EatWhatYouKill.doProduce(EatWhatYouKill.java:310)
	at org.eclipse.jetty.util.thread.strategy.EatWhatYouKill.tryProduce(EatWhatYouKill.java:168)
	at org.eclipse.jetty.util.thread.strategy.EatWhatYouKill.run(EatWhatYouKill.java:126)
	at org.eclipse.jetty.util.thread.ReservedThreadExecutor$ReservedThread.run(ReservedThreadExecutor.java:366)
	at org.eclipse.jetty.util.thread.QueuedThreadPool.runJob(QueuedThreadPool.java:762)
	at org.eclipse.jetty.util.thread.QueuedThreadPool$2.run(QueuedThreadPool.java:680)
	at java.lang.Thread.run(Thread.java:748)
23:35:28.519  459958 [qtp1046665075-48] WARN  o.eclipse.jetty.server.HttpChannel - ERROR dispatch failed
java.lang.IllegalStateException: Committed
	at org.eclipse.jetty.server.HttpChannel.resetBuffer(HttpChannel.java:853)
	at org.eclipse.jetty.server.HttpOutput.resetBuffer(HttpOutput.java:960)
	at org.eclipse.jetty.server.Response.resetBuffer(Response.java:1312)
	at javax.servlet.ServletResponseWrapper.resetBuffer(ServletResponseWrapper.java:195)
	at org.apache.felix.http.base.internal.dispatch.ServletResponseWrapper.sendError(ServletResponseWrapper.java:67)
	at org.apache.felix.http.base.internal.dispatch.ServletResponseWrapper.sendError(ServletResponseWrapper.java:61)
	at org.apache.felix.http.base.internal.dispatch.Dispatcher$1.doFilter(Dispatcher.java:155)
	at org.apache.felix.http.base.internal.whiteboard.WhiteboardManager.invokePreprocessors(WhiteboardManager.java:1000)
	at org.apache.felix.http.base.internal.dispatch.Dispatcher.dispatch(Dispatcher.java:91)
	at org.apache.felix.http.base.internal.dispatch.DispatcherServlet.service(DispatcherServlet.java:49)
	at javax.servlet.http.HttpServlet.service(HttpServlet.java:725)
	at org.eclipse.jetty.servlet.ServletHolder.handle(ServletHolder.java:865)
	at org.eclipse.jetty.servlet.ServletHandler.doHandle(ServletHandler.java:535)
	at org.eclipse.jetty.server.handler.ScopedHandler.nextHandle(ScopedHandler.java:255)
	at org.eclipse.jetty.server.session.SessionHandler.doHandle(SessionHandler.java:1595)
	at org.eclipse.jetty.server.handler.ScopedHandler.nextHandle(ScopedHandler.java:255)
	at org.eclipse.jetty.server.handler.ContextHandler.doHandle(ContextHandler.java:1317)
	at org.eclipse.jetty.server.handler.ScopedHandler.nextScope(ScopedHandler.java:203)
	at org.eclipse.jetty.servlet.ServletHandler.doScope(ServletHandler.java:473)
	at org.eclipse.jetty.server.session.SessionHandler.doScope(SessionHandler.java:1564)
	at org.eclipse.jetty.server.handler.ScopedHandler.nextScope(ScopedHandler.java:201)
	at org.eclipse.jetty.server.handler.ContextHandler.doScope(ContextHandler.java:1219)
	at org.eclipse.jetty.server.handler.ScopedHandler.handle(ScopedHandler.java:144)
	at org.eclipse.jetty.server.handler.ContextHandlerCollection.handle(ContextHandlerCollection.java:219)
	at org.eclipse.jetty.server.handler.HandlerWrapper.handle(HandlerWrapper.java:132)
	at org.eclipse.jetty.server.Server.handle(Server.java:531)
	at org.eclipse.jetty.server.HttpChannel.handle(HttpChannel.java:352)
	at org.eclipse.jetty.server.HttpConnection.onFillable(HttpConnection.java:260)
	at org.eclipse.jetty.io.AbstractConnection$ReadCallback.succeeded(AbstractConnection.java:281)
	at org.eclipse.jetty.io.FillInterest.fillable(FillInterest.java:102)
	at org.eclipse.jetty.io.ChannelEndPoint$2.run(ChannelEndPoint.java:118)
	at org.eclipse.jetty.util.thread.strategy.EatWhatYouKill.runTask(EatWhatYouKill.java:333)
	at org.eclipse.jetty.util.thread.strategy.EatWhatYouKill.doProduce(EatWhatYouKill.java:310)
	at org.eclipse.jetty.util.thread.strategy.EatWhatYouKill.tryProduce(EatWhatYouKill.java:168)
	at org.eclipse.jetty.util.thread.strategy.EatWhatYouKill.run(EatWhatYouKill.java:126)
	at org.eclipse.jetty.util.thread.ReservedThreadExecutor$ReservedThread.run(ReservedThreadExecutor.java:366)
	at org.eclipse.jetty.util.thread.QueuedThreadPool.runJob(QueuedThreadPool.java:762)
	at org.eclipse.jetty.util.thread.QueuedThreadPool$2.run(QueuedThreadPool.java:680)
	at java.lang.Thread.run(Thread.java:748)
	Suppressed: java.lang.IllegalStateException: Error already set
		at org.eclipse.jetty.server.HttpChannelState.onError(HttpChannelState.java:755)
		at org.eclipse.jetty.server.HttpChannel.handleException(HttpChannel.java:578)
		at org.eclipse.jetty.server.HttpChannelOverHttp.handleException(HttpChannelOverHttp.java:489)
		at org.eclipse.jetty.server.HttpChannel.handle(HttpChannel.java:514)
		... 12 common frames omitted
	Caused by: org.eclipse.jetty.io.EofException: null
		at org.eclipse.jetty.io.ChannelEndPoint.flush(ChannelEndPoint.java:286)
		at org.eclipse.jetty.io.WriteFlusher.flush(WriteFlusher.java:429)
		at org.eclipse.jetty.io.WriteFlusher.write(WriteFlusher.java:323)
		at org.eclipse.jetty.io.AbstractEndPoint.write(AbstractEndPoint.java:380)
		at org.eclipse.jetty.server.HttpConnection$SendCallback.process(HttpConnection.java:810)
		at org.eclipse.jetty.util.IteratingCallback.processing(IteratingCallback.java:241)
		at org.eclipse.jetty.util.IteratingCallback.iterate(IteratingCallback.java:224)
		at org.eclipse.jetty.server.HttpConnection.send(HttpConnection.java:538)
		at org.eclipse.jetty.server.HttpChannel.sendResponse(HttpChannel.java:795)
		at org.eclipse.jetty.server.HttpChannel.write(HttpChannel.java:846)
		at org.eclipse.jetty.server.HttpOutput.write(HttpOutput.java:240)
		at org.eclipse.jetty.server.HttpOutput.write(HttpOutput.java:216)
		at org.eclipse.jetty.server.HttpOutput.write(HttpOutput.java:541)
		at org.apache.felix.http.base.internal.service.ResourceServlet.copyResource(ResourceServlet.java:154)
		at org.apache.felix.http.base.internal.service.ResourceServlet.handle(ResourceServlet.java:87)
		at org.apache.felix.http.base.internal.service.ResourceServlet.doGet(ResourceServlet.java:61)
		at javax.servlet.http.HttpServlet.service(HttpServlet.java:618)
		at javax.servlet.http.HttpServlet.service(HttpServlet.java:725)
		at org.apache.felix.http.base.internal.handler.ServletHandler.handle(ServletHandler.java:120)
		at org.apache.felix.http.base.internal.dispatch.InvocationChain.doFilter(InvocationChain.java:86)
		at org.apache.felix.http.base.internal.dispatch.Dispatcher$1.doFilter(Dispatcher.java:146)
		at org.apache.felix.http.base.internal.whiteboard.WhiteboardManager.invokePreprocessors(WhiteboardManager.java:1000)
		at org.apache.felix.http.base.internal.dispatch.Dispatcher.dispatch(Dispatcher.java:91)
		at org.apache.felix.http.base.internal.dispatch.DispatcherServlet.service(DispatcherServlet.java:49)
		at javax.servlet.http.HttpServlet.service(HttpServlet.java:725)
		at org.eclipse.jetty.servlet.ServletHolder.handle(ServletHolder.java:865)
		at org.eclipse.jetty.servlet.ServletHandler.doHandle(ServletHandler.java:535)
		at org.eclipse.jetty.server.handler.ScopedHandler.nextHandle(ScopedHandler.java:255)
		at org.eclipse.jetty.server.session.SessionHandler.doHandle(SessionHandler.java:1595)
		at org.eclipse.jetty.server.handler.ScopedHandler.nextHandle(ScopedHandler.java:255)
		at org.eclipse.jetty.server.handler.ContextHandler.doHandle(ContextHandler.java:1317)
		at org.eclipse.jetty.server.handler.ScopedHandler.nextScope(ScopedHandler.java:203)
		at org.eclipse.jetty.servlet.ServletHandler.doScope(ServletHandler.java:473)
		at org.eclipse.jetty.server.session.SessionHandler.doScope(SessionHandler.java:1564)
		at org.eclipse.jetty.server.handler.ScopedHandler.nextScope(ScopedHandler.java:201)
		at org.eclipse.jetty.server.handler.ContextHandler.doScope(ContextHandler.java:1219)
		at org.eclipse.jetty.server.handler.ScopedHandler.handle(ScopedHandler.java:144)
		at org.eclipse.jetty.server.handler.ContextHandlerCollection.handle(ContextHandlerCollection.java:219)
		at org.eclipse.jetty.server.handler.HandlerWrapper.handle(HandlerWrapper.java:132)
		at org.eclipse.jetty.server.Server.handle(Server.java:531)
		at org.eclipse.jetty.server.HttpChannel.handle(HttpChannel.java:352)
		... 12 common frames omitted
	Caused by: java.io.IOException: Datenübergabe unterbrochen (broken pipe)
		at sun.nio.ch.FileDispatcherImpl.write0(Native Method)
		at sun.nio.ch.SocketDispatcher.write(SocketDispatcher.java:47)
		at sun.nio.ch.IOUtil.writeFromNativeBuffer(IOUtil.java:93)
		at sun.nio.ch.IOUtil.write(IOUtil.java:65)
		at sun.nio.ch.SocketChannelImpl.write(SocketChannelImpl.java:471)
		at org.eclipse.jetty.io.ChannelEndPoint.flush(ChannelEndPoint.java:264)
		... 52 common frames omitted
23:39:57.340  728779 [FelixShutdown] INFO  o.e.jetty.server.AbstractConnector - Stopped ServerConnector@41709512{HTTP/1.1,[http/1.1]}{0.0.0.0:8080}
23:39:57.341  728780 [FelixShutdown] INFO  org.eclipse.jetty.server.session - node0 Stopped scavenging
23:39:57.343  728782 [FelixShutdown] INFO  o.e.j.server.handler.ContextHandler - Stopped o.e.j.s.ServletContextHandler@409c54f{/,null,UNAVAILABLE}
23:39:57.345  728784 [FelixShutdown] INFO  org.apache.felix.framework.6.0.1 - Stopped Jetty.
23:40:01.794  496  [main] INFO  org.eclipse.jetty.util.log - Logging initialized @665ms to org.eclipse.jetty.util.log.Slf4jLog
23:40:01.928  630  [main] INFO  org.eclipse.jetty.server.Server - jetty-9.4.11.v20180605; built: 2018-06-05T18:24:03.829Z; git: d5fc0523cfa96bfebfbda19606cad384d772f04c; jvm 1.8.0_181-8u181-b13-0ubuntu0.18.04.1-b13
23:40:01.990  692  [main] INFO  org.eclipse.jetty.server.session - DefaultSessionIdManager workerName=node0
23:40:01.990  692  [main] INFO  org.eclipse.jetty.server.session - No SessionScavenger set, using defaults
23:40:01.994  696  [main] INFO  org.eclipse.jetty.server.session - node0 Scavenging every 660000ms
23:40:02.031  733  [main] INFO  o.e.j.server.handler.ContextHandler - Started o.e.j.s.ServletContextHandler@3e74829{/,null,AVAILABLE}
23:40:02.032  734  [main] INFO  org.eclipse.jetty.server.Server - Started @905ms
23:40:02.032  734  [main] INFO  org.eclipse.jetty.server.session - node0 Scavenging every 660000ms
23:40:02.063  765  [main] INFO  o.e.jetty.server.AbstractConnector - Started ServerConnector@42039326{HTTP/1.1,[http/1.1]}{0.0.0.0:8080}
23:40:02.065  767  [main] INFO  org.apache.felix.framework.6.0.1 - Started Jetty 9.4.11.v20180605 at port(s) HTTP:8080 on context path / [minThreads=8,maxThreads=200,acceptors=2,selectors=8]
23:40:02.090  792  [main] INFO  org.apache.felix.framework.6.0.1 - Apachde Felix Http Whiteboard Service started
23:40:02.261  963  [main] INFO  d.m.l.p.runtime.HostApplication - 0
23:40:02.262  964  [main] INFO  d.m.l.p.runtime.HostApplication - 6.0.1
23:40:02.304  1006 [main] INFO  d.m.l.p.runtime.HostApplication - org.apache.felix.framework [0]
23:40:19.418  18120 [qtp1324829744-40] ERROR org.apache.felix.framework.6.0.1 - Exception while processing request to /system/console/res/lib/themes/smoothness/images/ui-icons_222222_256x240.png
org.eclipse.jetty.io.EofException: null
	at org.eclipse.jetty.io.ChannelEndPoint.flush(ChannelEndPoint.java:286)
	at org.eclipse.jetty.io.WriteFlusher.flush(WriteFlusher.java:429)
	at org.eclipse.jetty.io.WriteFlusher.write(WriteFlusher.java:323)
	at org.eclipse.jetty.io.AbstractEndPoint.write(AbstractEndPoint.java:380)
	at org.eclipse.jetty.server.HttpConnection$SendCallback.process(HttpConnection.java:810)
	at org.eclipse.jetty.util.IteratingCallback.processing(IteratingCallback.java:241)
	at org.eclipse.jetty.util.IteratingCallback.iterate(IteratingCallback.java:224)
	at org.eclipse.jetty.server.HttpConnection.send(HttpConnection.java:538)
	at org.eclipse.jetty.server.HttpChannel.sendResponse(HttpChannel.java:795)
	at org.eclipse.jetty.server.HttpChannel.write(HttpChannel.java:846)
	at org.eclipse.jetty.server.HttpOutput.write(HttpOutput.java:240)
	at org.eclipse.jetty.server.HttpOutput.write(HttpOutput.java:216)
	at org.eclipse.jetty.server.HttpOutput.write(HttpOutput.java:541)
	at org.apache.felix.http.base.internal.service.ResourceServlet.copyResource(ResourceServlet.java:154)
	at org.apache.felix.http.base.internal.service.ResourceServlet.handle(ResourceServlet.java:87)
	at org.apache.felix.http.base.internal.service.ResourceServlet.doGet(ResourceServlet.java:61)
	at javax.servlet.http.HttpServlet.service(HttpServlet.java:618)
	at javax.servlet.http.HttpServlet.service(HttpServlet.java:725)
	at org.apache.felix.http.base.internal.handler.ServletHandler.handle(ServletHandler.java:120)
	at org.apache.felix.http.base.internal.dispatch.InvocationChain.doFilter(InvocationChain.java:86)
	at org.apache.felix.http.base.internal.dispatch.Dispatcher$1.doFilter(Dispatcher.java:146)
	at org.apache.felix.http.base.internal.whiteboard.WhiteboardManager.invokePreprocessors(WhiteboardManager.java:1000)
	at org.apache.felix.http.base.internal.dispatch.Dispatcher.dispatch(Dispatcher.java:91)
	at org.apache.felix.http.base.internal.dispatch.DispatcherServlet.service(DispatcherServlet.java:49)
	at javax.servlet.http.HttpServlet.service(HttpServlet.java:725)
	at org.eclipse.jetty.servlet.ServletHolder.handle(ServletHolder.java:865)
	at org.eclipse.jetty.servlet.ServletHandler.doHandle(ServletHandler.java:535)
	at org.eclipse.jetty.server.handler.ScopedHandler.nextHandle(ScopedHandler.java:255)
	at org.eclipse.jetty.server.session.SessionHandler.doHandle(SessionHandler.java:1595)
	at org.eclipse.jetty.server.handler.ScopedHandler.nextHandle(ScopedHandler.java:255)
	at org.eclipse.jetty.server.handler.ContextHandler.doHandle(ContextHandler.java:1317)
	at org.eclipse.jetty.server.handler.ScopedHandler.nextScope(ScopedHandler.java:203)
	at org.eclipse.jetty.servlet.ServletHandler.doScope(ServletHandler.java:473)
	at org.eclipse.jetty.server.session.SessionHandler.doScope(SessionHandler.java:1564)
	at org.eclipse.jetty.server.handler.ScopedHandler.nextScope(ScopedHandler.java:201)
	at org.eclipse.jetty.server.handler.ContextHandler.doScope(ContextHandler.java:1219)
	at org.eclipse.jetty.server.handler.ScopedHandler.handle(ScopedHandler.java:144)
	at org.eclipse.jetty.server.handler.ContextHandlerCollection.handle(ContextHandlerCollection.java:219)
	at org.eclipse.jetty.server.handler.HandlerWrapper.handle(HandlerWrapper.java:132)
	at org.eclipse.jetty.server.Server.handle(Server.java:531)
	at org.eclipse.jetty.server.HttpChannel.handle(HttpChannel.java:352)
	at org.eclipse.jetty.server.HttpConnection.onFillable(HttpConnection.java:260)
	at org.eclipse.jetty.io.AbstractConnection$ReadCallback.succeeded(AbstractConnection.java:281)
	at org.eclipse.jetty.io.FillInterest.fillable(FillInterest.java:102)
	at org.eclipse.jetty.io.ChannelEndPoint$2.run(ChannelEndPoint.java:118)
	at org.eclipse.jetty.util.thread.strategy.EatWhatYouKill.runTask(EatWhatYouKill.java:333)
	at org.eclipse.jetty.util.thread.strategy.EatWhatYouKill.doProduce(EatWhatYouKill.java:310)
	at org.eclipse.jetty.util.thread.strategy.EatWhatYouKill.tryProduce(EatWhatYouKill.java:168)
	at org.eclipse.jetty.util.thread.strategy.EatWhatYouKill.run(EatWhatYouKill.java:126)
	at org.eclipse.jetty.util.thread.ReservedThreadExecutor$ReservedThread.run(ReservedThreadExecutor.java:366)
	at org.eclipse.jetty.util.thread.QueuedThreadPool.runJob(QueuedThreadPool.java:762)
	at org.eclipse.jetty.util.thread.QueuedThreadPool$2.run(QueuedThreadPool.java:680)
	at java.lang.Thread.run(Thread.java:748)
Caused by: java.io.IOException: Datenübergabe unterbrochen (broken pipe)
	at sun.nio.ch.FileDispatcherImpl.write0(Native Method)
	at sun.nio.ch.SocketDispatcher.write(SocketDispatcher.java:47)
	at sun.nio.ch.IOUtil.writeFromNativeBuffer(IOUtil.java:93)
	at sun.nio.ch.IOUtil.write(IOUtil.java:65)
	at sun.nio.ch.SocketChannelImpl.write(SocketChannelImpl.java:471)
	at org.eclipse.jetty.io.ChannelEndPoint.flush(ChannelEndPoint.java:264)
	... 52 common frames omitted
23:40:19.420  18122 [qtp1324829744-40] WARN  o.eclipse.jetty.server.HttpChannel - /system/console/res/lib/themes/smoothness/images/ui-icons_222222_256x240.png
java.lang.IllegalStateException: Committed
	at org.eclipse.jetty.server.HttpChannel.resetBuffer(HttpChannel.java:853)
	at org.eclipse.jetty.server.HttpOutput.resetBuffer(HttpOutput.java:960)
	at org.eclipse.jetty.server.Response.resetBuffer(Response.java:1312)
	at javax.servlet.ServletResponseWrapper.resetBuffer(ServletResponseWrapper.java:195)
	at org.apache.felix.http.base.internal.dispatch.ServletResponseWrapper.sendError(ServletResponseWrapper.java:67)
	at org.apache.felix.http.base.internal.dispatch.ServletResponseWrapper.sendError(ServletResponseWrapper.java:61)
	at org.apache.felix.http.base.internal.dispatch.Dispatcher$1.doFilter(Dispatcher.java:155)
	at org.apache.felix.http.base.internal.whiteboard.WhiteboardManager.invokePreprocessors(WhiteboardManager.java:1000)
	at org.apache.felix.http.base.internal.dispatch.Dispatcher.dispatch(Dispatcher.java:91)
	at org.apache.felix.http.base.internal.dispatch.DispatcherServlet.service(DispatcherServlet.java:49)
	at javax.servlet.http.HttpServlet.service(HttpServlet.java:725)
	at org.eclipse.jetty.servlet.ServletHolder.handle(ServletHolder.java:865)
	at org.eclipse.jetty.servlet.ServletHandler.doHandle(ServletHandler.java:535)
	at org.eclipse.jetty.server.handler.ScopedHandler.nextHandle(ScopedHandler.java:255)
	at org.eclipse.jetty.server.session.SessionHandler.doHandle(SessionHandler.java:1595)
	at org.eclipse.jetty.server.handler.ScopedHandler.nextHandle(ScopedHandler.java:255)
	at org.eclipse.jetty.server.handler.ContextHandler.doHandle(ContextHandler.java:1317)
	at org.eclipse.jetty.server.handler.ScopedHandler.nextScope(ScopedHandler.java:203)
	at org.eclipse.jetty.servlet.ServletHandler.doScope(ServletHandler.java:473)
	at org.eclipse.jetty.server.session.SessionHandler.doScope(SessionHandler.java:1564)
	at org.eclipse.jetty.server.handler.ScopedHandler.nextScope(ScopedHandler.java:201)
	at org.eclipse.jetty.server.handler.ContextHandler.doScope(ContextHandler.java:1219)
	at org.eclipse.jetty.server.handler.ScopedHandler.handle(ScopedHandler.java:144)
	at org.eclipse.jetty.server.handler.ContextHandlerCollection.handle(ContextHandlerCollection.java:219)
	at org.eclipse.jetty.server.handler.HandlerWrapper.handle(HandlerWrapper.java:132)
	at org.eclipse.jetty.server.Server.handle(Server.java:531)
	at org.eclipse.jetty.server.HttpChannel.handle(HttpChannel.java:352)
	at org.eclipse.jetty.server.HttpConnection.onFillable(HttpConnection.java:260)
	at org.eclipse.jetty.io.AbstractConnection$ReadCallback.succeeded(AbstractConnection.java:281)
	at org.eclipse.jetty.io.FillInterest.fillable(FillInterest.java:102)
	at org.eclipse.jetty.io.ChannelEndPoint$2.run(ChannelEndPoint.java:118)
	at org.eclipse.jetty.util.thread.strategy.EatWhatYouKill.runTask(EatWhatYouKill.java:333)
	at org.eclipse.jetty.util.thread.strategy.EatWhatYouKill.doProduce(EatWhatYouKill.java:310)
	at org.eclipse.jetty.util.thread.strategy.EatWhatYouKill.tryProduce(EatWhatYouKill.java:168)
	at org.eclipse.jetty.util.thread.strategy.EatWhatYouKill.run(EatWhatYouKill.java:126)
	at org.eclipse.jetty.util.thread.ReservedThreadExecutor$ReservedThread.run(ReservedThreadExecutor.java:366)
	at org.eclipse.jetty.util.thread.QueuedThreadPool.runJob(QueuedThreadPool.java:762)
	at org.eclipse.jetty.util.thread.QueuedThreadPool$2.run(QueuedThreadPool.java:680)
	at java.lang.Thread.run(Thread.java:748)
23:40:19.421  18123 [qtp1324829744-40] WARN  o.eclipse.jetty.server.HttpChannel - ERROR dispatch failed
java.lang.IllegalStateException: Committed
	at org.eclipse.jetty.server.HttpChannel.resetBuffer(HttpChannel.java:853)
	at org.eclipse.jetty.server.HttpOutput.resetBuffer(HttpOutput.java:960)
	at org.eclipse.jetty.server.Response.resetBuffer(Response.java:1312)
	at javax.servlet.ServletResponseWrapper.resetBuffer(ServletResponseWrapper.java:195)
	at org.apache.felix.http.base.internal.dispatch.ServletResponseWrapper.sendError(ServletResponseWrapper.java:67)
	at org.apache.felix.http.base.internal.dispatch.ServletResponseWrapper.sendError(ServletResponseWrapper.java:61)
	at org.apache.felix.http.base.internal.dispatch.Dispatcher$1.doFilter(Dispatcher.java:155)
	at org.apache.felix.http.base.internal.whiteboard.WhiteboardManager.invokePreprocessors(WhiteboardManager.java:1000)
	at org.apache.felix.http.base.internal.dispatch.Dispatcher.dispatch(Dispatcher.java:91)
	at org.apache.felix.http.base.internal.dispatch.DispatcherServlet.service(DispatcherServlet.java:49)
	at javax.servlet.http.HttpServlet.service(HttpServlet.java:725)
	at org.eclipse.jetty.servlet.ServletHolder.handle(ServletHolder.java:865)
	at org.eclipse.jetty.servlet.ServletHandler.doHandle(ServletHandler.java:535)
	at org.eclipse.jetty.server.handler.ScopedHandler.nextHandle(ScopedHandler.java:255)
	at org.eclipse.jetty.server.session.SessionHandler.doHandle(SessionHandler.java:1595)
	at org.eclipse.jetty.server.handler.ScopedHandler.nextHandle(ScopedHandler.java:255)
	at org.eclipse.jetty.server.handler.ContextHandler.doHandle(ContextHandler.java:1317)
	at org.eclipse.jetty.server.handler.ScopedHandler.nextScope(ScopedHandler.java:203)
	at org.eclipse.jetty.servlet.ServletHandler.doScope(ServletHandler.java:473)
	at org.eclipse.jetty.server.session.SessionHandler.doScope(SessionHandler.java:1564)
	at org.eclipse.jetty.server.handler.ScopedHandler.nextScope(ScopedHandler.java:201)
	at org.eclipse.jetty.server.handler.ContextHandler.doScope(ContextHandler.java:1219)
	at org.eclipse.jetty.server.handler.ScopedHandler.handle(ScopedHandler.java:144)
	at org.eclipse.jetty.server.handler.ContextHandlerCollection.handle(ContextHandlerCollection.java:219)
	at org.eclipse.jetty.server.handler.HandlerWrapper.handle(HandlerWrapper.java:132)
	at org.eclipse.jetty.server.Server.handle(Server.java:531)
	at org.eclipse.jetty.server.HttpChannel.handle(HttpChannel.java:352)
	at org.eclipse.jetty.server.HttpConnection.onFillable(HttpConnection.java:260)
	at org.eclipse.jetty.io.AbstractConnection$ReadCallback.succeeded(AbstractConnection.java:281)
	at org.eclipse.jetty.io.FillInterest.fillable(FillInterest.java:102)
	at org.eclipse.jetty.io.ChannelEndPoint$2.run(ChannelEndPoint.java:118)
	at org.eclipse.jetty.util.thread.strategy.EatWhatYouKill.runTask(EatWhatYouKill.java:333)
	at org.eclipse.jetty.util.thread.strategy.EatWhatYouKill.doProduce(EatWhatYouKill.java:310)
	at org.eclipse.jetty.util.thread.strategy.EatWhatYouKill.tryProduce(EatWhatYouKill.java:168)
	at org.eclipse.jetty.util.thread.strategy.EatWhatYouKill.run(EatWhatYouKill.java:126)
	at org.eclipse.jetty.util.thread.ReservedThreadExecutor$ReservedThread.run(ReservedThreadExecutor.java:366)
	at org.eclipse.jetty.util.thread.QueuedThreadPool.runJob(QueuedThreadPool.java:762)
	at org.eclipse.jetty.util.thread.QueuedThreadPool$2.run(QueuedThreadPool.java:680)
	at java.lang.Thread.run(Thread.java:748)
	Suppressed: java.lang.IllegalStateException: Error already set
		at org.eclipse.jetty.server.HttpChannelState.onError(HttpChannelState.java:755)
		at org.eclipse.jetty.server.HttpChannel.handleException(HttpChannel.java:578)
		at org.eclipse.jetty.server.HttpChannelOverHttp.handleException(HttpChannelOverHttp.java:489)
		at org.eclipse.jetty.server.HttpChannel.handle(HttpChannel.java:514)
		... 12 common frames omitted
	Caused by: org.eclipse.jetty.io.EofException: null
		at org.eclipse.jetty.io.ChannelEndPoint.flush(ChannelEndPoint.java:286)
		at org.eclipse.jetty.io.WriteFlusher.flush(WriteFlusher.java:429)
		at org.eclipse.jetty.io.WriteFlusher.write(WriteFlusher.java:323)
		at org.eclipse.jetty.io.AbstractEndPoint.write(AbstractEndPoint.java:380)
		at org.eclipse.jetty.server.HttpConnection$SendCallback.process(HttpConnection.java:810)
		at org.eclipse.jetty.util.IteratingCallback.processing(IteratingCallback.java:241)
		at org.eclipse.jetty.util.IteratingCallback.iterate(IteratingCallback.java:224)
		at org.eclipse.jetty.server.HttpConnection.send(HttpConnection.java:538)
		at org.eclipse.jetty.server.HttpChannel.sendResponse(HttpChannel.java:795)
		at org.eclipse.jetty.server.HttpChannel.write(HttpChannel.java:846)
		at org.eclipse.jetty.server.HttpOutput.write(HttpOutput.java:240)
		at org.eclipse.jetty.server.HttpOutput.write(HttpOutput.java:216)
		at org.eclipse.jetty.server.HttpOutput.write(HttpOutput.java:541)
		at org.apache.felix.http.base.internal.service.ResourceServlet.copyResource(ResourceServlet.java:154)
		at org.apache.felix.http.base.internal.service.ResourceServlet.handle(ResourceServlet.java:87)
		at org.apache.felix.http.base.internal.service.ResourceServlet.doGet(ResourceServlet.java:61)
		at javax.servlet.http.HttpServlet.service(HttpServlet.java:618)
		at javax.servlet.http.HttpServlet.service(HttpServlet.java:725)
		at org.apache.felix.http.base.internal.handler.ServletHandler.handle(ServletHandler.java:120)
		at org.apache.felix.http.base.internal.dispatch.InvocationChain.doFilter(InvocationChain.java:86)
		at org.apache.felix.http.base.internal.dispatch.Dispatcher$1.doFilter(Dispatcher.java:146)
		at org.apache.felix.http.base.internal.whiteboard.WhiteboardManager.invokePreprocessors(WhiteboardManager.java:1000)
		at org.apache.felix.http.base.internal.dispatch.Dispatcher.dispatch(Dispatcher.java:91)
		at org.apache.felix.http.base.internal.dispatch.DispatcherServlet.service(DispatcherServlet.java:49)
		at javax.servlet.http.HttpServlet.service(HttpServlet.java:725)
		at org.eclipse.jetty.servlet.ServletHolder.handle(ServletHolder.java:865)
		at org.eclipse.jetty.servlet.ServletHandler.doHandle(ServletHandler.java:535)
		at org.eclipse.jetty.server.handler.ScopedHandler.nextHandle(ScopedHandler.java:255)
		at org.eclipse.jetty.server.session.SessionHandler.doHandle(SessionHandler.java:1595)
		at org.eclipse.jetty.server.handler.ScopedHandler.nextHandle(ScopedHandler.java:255)
		at org.eclipse.jetty.server.handler.ContextHandler.doHandle(ContextHandler.java:1317)
		at org.eclipse.jetty.server.handler.ScopedHandler.nextScope(ScopedHandler.java:203)
		at org.eclipse.jetty.servlet.ServletHandler.doScope(ServletHandler.java:473)
		at org.eclipse.jetty.server.session.SessionHandler.doScope(SessionHandler.java:1564)
		at org.eclipse.jetty.server.handler.ScopedHandler.nextScope(ScopedHandler.java:201)
		at org.eclipse.jetty.server.handler.ContextHandler.doScope(ContextHandler.java:1219)
		at org.eclipse.jetty.server.handler.ScopedHandler.handle(ScopedHandler.java:144)
		at org.eclipse.jetty.server.handler.ContextHandlerCollection.handle(ContextHandlerCollection.java:219)
		at org.eclipse.jetty.server.handler.HandlerWrapper.handle(HandlerWrapper.java:132)
		at org.eclipse.jetty.server.Server.handle(Server.java:531)
		at org.eclipse.jetty.server.HttpChannel.handle(HttpChannel.java:352)
		... 12 common frames omitted
	Caused by: java.io.IOException: Datenübergabe unterbrochen (broken pipe)
		at sun.nio.ch.FileDispatcherImpl.write0(Native Method)
		at sun.nio.ch.SocketDispatcher.write(SocketDispatcher.java:47)
		at sun.nio.ch.IOUtil.writeFromNativeBuffer(IOUtil.java:93)
		at sun.nio.ch.IOUtil.write(IOUtil.java:65)
		at sun.nio.ch.SocketChannelImpl.write(SocketChannelImpl.java:471)
		at org.eclipse.jetty.io.ChannelEndPoint.flush(ChannelEndPoint.java:264)
		... 52 common frames omitted
23:44:52.078  290780 [FelixShutdown] INFO  o.e.jetty.server.AbstractConnector - Stopped ServerConnector@42039326{HTTP/1.1,[http/1.1]}{0.0.0.0:8080}
23:44:52.079  290781 [FelixShutdown] INFO  org.eclipse.jetty.server.session - node0 Stopped scavenging
23:44:52.081  290783 [FelixShutdown] INFO  o.e.j.server.handler.ContextHandler - Stopped o.e.j.s.ServletContextHandler@3e74829{/,null,UNAVAILABLE}
23:44:52.082  290784 [FelixShutdown] INFO  org.apache.felix.framework.6.0.1 - Stopped Jetty.
23:44:56.942  570  [main] INFO  org.eclipse.jetty.util.log - Logging initialized @735ms to org.eclipse.jetty.util.log.Slf4jLog
23:44:57.058  686  [main] INFO  org.eclipse.jetty.server.Server - jetty-9.4.11.v20180605; built: 2018-06-05T18:24:03.829Z; git: d5fc0523cfa96bfebfbda19606cad384d772f04c; jvm 1.8.0_181-8u181-b13-0ubuntu0.18.04.1-b13
23:44:57.146  774  [main] INFO  org.eclipse.jetty.server.session - DefaultSessionIdManager workerName=node0
23:44:57.146  774  [main] INFO  org.eclipse.jetty.server.session - No SessionScavenger set, using defaults
23:44:57.148  776  [main] INFO  org.eclipse.jetty.server.session - node0 Scavenging every 600000ms
23:44:57.174  802  [main] INFO  o.e.j.server.handler.ContextHandler - Started o.e.j.s.ServletContextHandler@7fcf2fc1{/,null,AVAILABLE}
23:44:57.175  803  [main] INFO  org.eclipse.jetty.server.Server - Started @971ms
23:44:57.175  803  [main] INFO  org.eclipse.jetty.server.session - node0 Scavenging every 600000ms
23:44:57.208  836  [main] INFO  o.e.jetty.server.AbstractConnector - Started ServerConnector@34f22f9d{HTTP/1.1,[http/1.1]}{0.0.0.0:8080}
23:44:57.209  837  [main] INFO  org.apache.felix.framework.6.0.1 - Started Jetty 9.4.11.v20180605 at port(s) HTTP:8080 on context path / [minThreads=8,maxThreads=200,acceptors=2,selectors=8]
23:44:57.242  870  [main] INFO  org.apache.felix.framework.6.0.1 - Apachde Felix Http Whiteboard Service started
23:44:57.459  1087 [main] INFO  d.m.l.p.runtime.HostApplication - 0
23:44:57.459  1087 [main] INFO  d.m.l.p.runtime.HostApplication - 6.0.1
23:44:57.485  1113 [main] INFO  d.m.l.p.runtime.HostApplication - org.apache.felix.framework [0]
23:48:15.114  198742 [FelixShutdown] INFO  o.e.jetty.server.AbstractConnector - Stopped ServerConnector@34f22f9d{HTTP/1.1,[http/1.1]}{0.0.0.0:8080}
23:48:15.115  198743 [FelixShutdown] INFO  org.eclipse.jetty.server.session - node0 Stopped scavenging
23:48:15.116  198744 [FelixShutdown] INFO  o.e.j.server.handler.ContextHandler - Stopped o.e.j.s.ServletContextHandler@7fcf2fc1{/,null,UNAVAILABLE}
23:48:15.118  198746 [FelixShutdown] INFO  org.apache.felix.framework.6.0.1 - Stopped Jetty.
23:48:17.611  476  [main] INFO  org.eclipse.jetty.util.log - Logging initialized @655ms to org.eclipse.jetty.util.log.Slf4jLog
23:48:17.732  597  [main] INFO  org.eclipse.jetty.server.Server - jetty-9.4.11.v20180605; built: 2018-06-05T18:24:03.829Z; git: d5fc0523cfa96bfebfbda19606cad384d772f04c; jvm 1.8.0_181-8u181-b13-0ubuntu0.18.04.1-b13
23:48:17.808  673  [main] INFO  org.eclipse.jetty.server.session - DefaultSessionIdManager workerName=node0
23:48:17.809  674  [main] INFO  org.eclipse.jetty.server.session - No SessionScavenger set, using defaults
23:48:17.813  678  [main] INFO  org.eclipse.jetty.server.session - node0 Scavenging every 660000ms
23:48:17.854  719  [main] INFO  o.e.j.server.handler.ContextHandler - Started o.e.j.s.ServletContextHandler@68d279ec{/,null,AVAILABLE}
23:48:17.855  720  [main] INFO  org.eclipse.jetty.server.Server - Started @901ms
23:48:17.855  720  [main] INFO  org.eclipse.jetty.server.session - node0 Scavenging every 600000ms
23:48:17.885  750  [main] INFO  o.e.jetty.server.AbstractConnector - Started ServerConnector@6ed3f258{HTTP/1.1,[http/1.1]}{0.0.0.0:8080}
23:48:17.888  753  [main] INFO  org.apache.felix.framework.6.0.1 - Started Jetty 9.4.11.v20180605 at port(s) HTTP:8080 on context path / [minThreads=8,maxThreads=200,acceptors=2,selectors=8]
23:48:17.915  780  [main] INFO  org.apache.felix.framework.6.0.1 - Apachde Felix Http Whiteboard Service started
23:48:18.041  906  [main] INFO  d.m.l.p.runtime.HostApplication - 0
23:48:18.041  906  [main] INFO  d.m.l.p.runtime.HostApplication - 6.0.1
23:48:18.068  933  [main] INFO  d.m.l.p.runtime.HostApplication - org.apache.felix.framework [0]
23:48:40.154  23019 [pool-5-thread-1] WARN  d.m.l.s3server.servlet.S3Servlet - request failed
de.mc.ladon.s3server.exceptions.MissingSecurityHeaderException: Your request is missing a required header.
	at de.mc.ladon.s3server.auth.Authorization.checkAuthHeader(Authorization.java:34)
	at de.mc.ladon.s3server.servlet.S3Servlet.lambda$dispatch$0(S3Servlet.java:119)
	at java.util.concurrent.ThreadPoolExecutor.runWorker(ThreadPoolExecutor.java:1149)
	at java.util.concurrent.ThreadPoolExecutor$Worker.run(ThreadPoolExecutor.java:624)
	at java.lang.Thread.run(Thread.java:748)
23:49:46.782  89647 [FelixShutdown] INFO  o.e.jetty.server.AbstractConnector - Stopped ServerConnector@6ed3f258{HTTP/1.1,[http/1.1]}{0.0.0.0:8080}
23:49:46.783  89648 [FelixShutdown] INFO  org.eclipse.jetty.server.session - node0 Stopped scavenging
23:49:46.784  89649 [FelixShutdown] INFO  o.e.j.server.handler.ContextHandler - Stopped o.e.j.s.ServletContextHandler@68d279ec{/,null,UNAVAILABLE}
23:49:46.786  89651 [FelixShutdown] INFO  org.apache.felix.framework.6.0.1 - Stopped Jetty.
23:49:51.285  482  [main] INFO  org.eclipse.jetty.util.log - Logging initialized @666ms to org.eclipse.jetty.util.log.Slf4jLog
23:49:51.413  610  [main] INFO  org.eclipse.jetty.server.Server - jetty-9.4.11.v20180605; built: 2018-06-05T18:24:03.829Z; git: d5fc0523cfa96bfebfbda19606cad384d772f04c; jvm 1.8.0_181-8u181-b13-0ubuntu0.18.04.1-b13
23:49:51.476  673  [main] INFO  org.eclipse.jetty.server.session - DefaultSessionIdManager workerName=node0
23:49:51.476  673  [main] INFO  org.eclipse.jetty.server.session - No SessionScavenger set, using defaults
23:49:51.479  676  [main] INFO  org.eclipse.jetty.server.session - node0 Scavenging every 660000ms
23:49:51.506  703  [main] INFO  o.e.j.server.handler.ContextHandler - Started o.e.j.s.ServletContextHandler@5a9f4771{/,null,AVAILABLE}
23:49:51.507  704  [main] INFO  org.eclipse.jetty.server.Server - Started @891ms
23:49:51.507  704  [main] INFO  org.eclipse.jetty.server.session - node0 Scavenging every 600000ms
23:49:51.533  730  [main] INFO  o.e.jetty.server.AbstractConnector - Started ServerConnector@177bea38{HTTP/1.1,[http/1.1]}{0.0.0.0:8080}
23:49:51.535  732  [main] INFO  org.apache.felix.framework.6.0.1 - Started Jetty 9.4.11.v20180605 at port(s) HTTP:8080 on context path / [minThreads=8,maxThreads=200,acceptors=2,selectors=8]
23:49:51.561  758  [main] INFO  org.apache.felix.framework.6.0.1 - Apachde Felix Http Whiteboard Service started
23:49:51.687  884  [main] INFO  d.m.l.p.runtime.HostApplication - 0
23:49:51.687  884  [main] INFO  d.m.l.p.runtime.HostApplication - 6.0.1
23:49:51.742  939  [main] INFO  d.m.l.p.runtime.HostApplication - org.apache.felix.framework [0]
23:51:23.475  92672 [FelixShutdown] INFO  o.e.jetty.server.AbstractConnector - Stopped ServerConnector@177bea38{HTTP/1.1,[http/1.1]}{0.0.0.0:8080}
23:51:23.475  92672 [FelixShutdown] INFO  org.eclipse.jetty.server.session - node0 Stopped scavenging
23:51:23.478  92675 [FelixShutdown] INFO  o.e.j.server.handler.ContextHandler - Stopped o.e.j.s.ServletContextHandler@5a9f4771{/,null,UNAVAILABLE}
23:51:23.481  92678 [FelixShutdown] INFO  org.apache.felix.framework.6.0.1 - Stopped Jetty.
23:51:26.231  651  [main] INFO  org.eclipse.jetty.util.log - Logging initialized @818ms to org.eclipse.jetty.util.log.Slf4jLog
23:51:26.308  728  [main] INFO  org.eclipse.jetty.server.Server - jetty-9.4.11.v20180605; built: 2018-06-05T18:24:03.829Z; git: d5fc0523cfa96bfebfbda19606cad384d772f04c; jvm 1.8.0_181-8u181-b13-0ubuntu0.18.04.1-b13
23:51:26.356  776  [main] INFO  org.eclipse.jetty.server.session - DefaultSessionIdManager workerName=node0
23:51:26.356  776  [main] INFO  org.eclipse.jetty.server.session - No SessionScavenger set, using defaults
23:51:26.358  778  [main] INFO  org.eclipse.jetty.server.session - node0 Scavenging every 600000ms
23:51:26.385  805  [main] INFO  o.e.j.server.handler.ContextHandler - Started o.e.j.s.ServletContextHandler@6ed3f258{/,null,AVAILABLE}
23:51:26.385  805  [main] INFO  org.eclipse.jetty.server.Server - Started @976ms
23:51:26.385  805  [main] INFO  org.eclipse.jetty.server.session - node0 Scavenging every 600000ms
23:51:26.419  839  [main] INFO  o.e.jetty.server.AbstractConnector - Started ServerConnector@d3957fe{HTTP/1.1,[http/1.1]}{0.0.0.0:8080}
23:51:26.420  840  [main] INFO  org.apache.felix.framework.6.0.1 - Started Jetty 9.4.11.v20180605 at port(s) HTTP:8080 on context path / [minThreads=8,maxThreads=200,acceptors=2,selectors=8]
23:51:26.444  864  [main] INFO  org.apache.felix.framework.6.0.1 - Apachde Felix Http Whiteboard Service started
23:51:26.613  1033 [main] INFO  d.m.l.p.runtime.HostApplication - 0
23:51:26.613  1033 [main] INFO  d.m.l.p.runtime.HostApplication - 6.0.1
23:51:26.638  1058 [main] INFO  d.m.l.p.runtime.HostApplication - org.apache.felix.framework [0]
23:54:03.419  157839 [FelixShutdown] INFO  o.e.jetty.server.AbstractConnector - Stopped ServerConnector@d3957fe{HTTP/1.1,[http/1.1]}{0.0.0.0:8080}
23:54:03.420  157840 [FelixShutdown] INFO  org.eclipse.jetty.server.session - node0 Stopped scavenging
23:54:03.424  157844 [FelixShutdown] INFO  o.e.j.server.handler.ContextHandler - Stopped o.e.j.s.ServletContextHandler@6ed3f258{/,null,UNAVAILABLE}
23:54:03.427  157847 [FelixShutdown] INFO  org.apache.felix.framework.6.0.1 - Stopped Jetty.
